{"/Users/vipinyadav/Desktop/my-food-app/src/components/Body.js": {"path":"/Users/vipinyadav/Desktop/my-food-app/src/components/Body.js","statementMap":{"0":{"start":{"line":9,"column":13},"end":{"line":87,"column":1}},"1":{"start":{"line":12,"column":42},"end":{"line":12,"column":54}},"2":{"start":{"line":13,"column":30},"end":{"line":13,"column":57}},"3":{"start":{"line":14,"column":40},"end":{"line":14,"column":52}},"4":{"start":{"line":15,"column":58},"end":{"line":15,"column":70}},"5":{"start":{"line":17,"column":36},"end":{"line":17,"column":70}},"6":{"start":{"line":19,"column":4},"end":{"line":21,"column":11}},"7":{"start":{"line":20,"column":8},"end":{"line":20,"column":20}},"8":{"start":{"line":23,"column":22},"end":{"line":31,"column":5}},"9":{"start":{"line":24,"column":21},"end":{"line":24,"column":179}},"10":{"start":{"line":25,"column":21},"end":{"line":25,"column":38}},"11":{"start":{"line":26,"column":8},"end":{"line":26,"column":26}},"12":{"start":{"line":27,"column":8},"end":{"line":27,"column":99}},"13":{"start":{"line":28,"column":8},"end":{"line":28,"column":58}},"14":{"start":{"line":29,"column":8},"end":{"line":29,"column":107}},"15":{"start":{"line":34,"column":4},"end":{"line":36,"column":5}},"16":{"start":{"line":35,"column":8},"end":{"line":35,"column":26}},"17":{"start":{"line":38,"column":4},"end":{"line":86,"column":5}},"18":{"start":{"line":47,"column":36},"end":{"line":47,"column":65}},"19":{"start":{"line":51,"column":45},"end":{"line":51,"column":136}},"20":{"start":{"line":51,"column":73},"end":{"line":51,"column":135}},"21":{"start":{"line":53,"column":24},"end":{"line":53,"column":61}},"22":{"start":{"line":59,"column":46},"end":{"line":59,"column":95}},"23":{"start":{"line":59,"column":71},"end":{"line":59,"column":94}},"24":{"start":{"line":60,"column":20},"end":{"line":60,"column":64}},"25":{"start":{"line":73,"column":20},"end":{"line":81,"column":27}}},"fnMap":{"0":{"name":"(anonymous_0)","decl":{"start":{"line":9,"column":13},"end":{"line":9,"column":14}},"loc":{"start":{"line":9,"column":19},"end":{"line":87,"column":1}},"line":9},"1":{"name":"(anonymous_1)","decl":{"start":{"line":19,"column":14},"end":{"line":19,"column":15}},"loc":{"start":{"line":19,"column":20},"end":{"line":21,"column":5}},"line":19},"2":{"name":"(anonymous_2)","decl":{"start":{"line":23,"column":22},"end":{"line":23,"column":23}},"loc":{"start":{"line":23,"column":34},"end":{"line":31,"column":5}},"line":23},"3":{"name":"(anonymous_3)","decl":{"start":{"line":47,"column":30},"end":{"line":47,"column":31}},"loc":{"start":{"line":47,"column":36},"end":{"line":47,"column":65}},"line":47},"4":{"name":"(anonymous_4)","decl":{"start":{"line":50,"column":29},"end":{"line":50,"column":30}},"loc":{"start":{"line":50,"column":33},"end":{"line":54,"column":21}},"line":50},"5":{"name":"(anonymous_5)","decl":{"start":{"line":51,"column":64},"end":{"line":51,"column":65}},"loc":{"start":{"line":51,"column":73},"end":{"line":51,"column":135}},"line":51},"6":{"name":"(anonymous_6)","decl":{"start":{"line":58,"column":25},"end":{"line":58,"column":26}},"loc":{"start":{"line":58,"column":29},"end":{"line":61,"column":21}},"line":58},"7":{"name":"(anonymous_7)","decl":{"start":{"line":59,"column":65},"end":{"line":59,"column":66}},"loc":{"start":{"line":59,"column":71},"end":{"line":59,"column":94}},"line":59},"8":{"name":"(anonymous_8)","decl":{"start":{"line":72,"column":44},"end":{"line":72,"column":45}},"loc":{"start":{"line":73,"column":20},"end":{"line":81,"column":27}},"line":73}},"branchMap":{"0":{"loc":{"start":{"line":34,"column":4},"end":{"line":36,"column":5}},"type":"if","locations":[{"start":{"line":34,"column":4},"end":{"line":36,"column":5}},{"start":{},"end":{}}],"line":34},"1":{"loc":{"start":{"line":76,"column":24},"end":{"line":78,"column":66}},"type":"cond-expr","locations":[{"start":{"line":77,"column":24},"end":{"line":77,"column":74}},{"start":{"line":78,"column":24},"end":{"line":78,"column":66}}],"line":76}},"s":{"0":1,"1":7,"2":7,"3":7,"4":7,"5":7,"6":7,"7":2,"8":7,"9":2,"10":2,"11":2,"12":2,"13":2,"14":2,"15":7,"16":2,"17":5,"18":1,"19":1,"20":8,"21":1,"22":1,"23":8,"24":1,"25":34},"f":{"0":7,"1":2,"2":2,"3":1,"4":1,"5":8,"6":1,"7":8,"8":34},"b":{"0":[2,5],"1":[34,0]},"_coverageSchema":"1a1c01bbd47fc00a2c39e90264f33305004495a9","hash":"23a1479734537956b87ef10e323e7a8e35958e39"}
,"/Users/vipinyadav/Desktop/my-food-app/src/components/Contact.js": {"path":"/Users/vipinyadav/Desktop/my-food-app/src/components/Contact.js","statementMap":{"0":{"start":{"line":3,"column":16},"end":{"line":21,"column":1}},"1":{"start":{"line":4,"column":2},"end":{"line":20,"column":9}}},"fnMap":{"0":{"name":"(anonymous_0)","decl":{"start":{"line":3,"column":16},"end":{"line":3,"column":17}},"loc":{"start":{"line":3,"column":22},"end":{"line":21,"column":1}},"line":3}},"branchMap":{},"s":{"0":1,"1":3},"f":{"0":3},"b":{},"_coverageSchema":"1a1c01bbd47fc00a2c39e90264f33305004495a9","hash":"448d085f690b23ab2478b6a854fa88507b8b8fc6"}
,"/Users/vipinyadav/Desktop/my-food-app/src/components/Header.js": {"path":"/Users/vipinyadav/Desktop/my-food-app/src/components/Header.js","statementMap":{"0":{"start":{"line":7,"column":15},"end":{"line":35,"column":1}},"1":{"start":{"line":9,"column":33},"end":{"line":9,"column":50}},"2":{"start":{"line":11,"column":21},"end":{"line":11,"column":61}},"3":{"start":{"line":11,"column":43},"end":{"line":11,"column":59}},"4":{"start":{"line":14,"column":4},"end":{"line":34,"column":5}},"5":{"start":{"line":27,"column":20},"end":{"line":27,"column":73}}},"fnMap":{"0":{"name":"(anonymous_0)","decl":{"start":{"line":7,"column":15},"end":{"line":7,"column":16}},"loc":{"start":{"line":7,"column":21},"end":{"line":35,"column":1}},"line":7},"1":{"name":"(anonymous_1)","decl":{"start":{"line":11,"column":34},"end":{"line":11,"column":35}},"loc":{"start":{"line":11,"column":43},"end":{"line":11,"column":59}},"line":11},"2":{"name":"(anonymous_2)","decl":{"start":{"line":26,"column":37},"end":{"line":26,"column":38}},"loc":{"start":{"line":26,"column":42},"end":{"line":28,"column":17}},"line":26}},"branchMap":{"0":{"loc":{"start":{"line":27,"column":31},"end":{"line":27,"column":71}},"type":"cond-expr","locations":[{"start":{"line":27,"column":53},"end":{"line":27,"column":61}},{"start":{"line":27,"column":64},"end":{"line":27,"column":71}}],"line":27}},"s":{"0":2,"1":5,"2":5,"3":9,"4":5,"5":1},"f":{"0":5,"1":9,"2":1},"b":{"0":[1,0]},"_coverageSchema":"1a1c01bbd47fc00a2c39e90264f33305004495a9","hash":"a7e75dddb4ce38d3b24a07af8d81cfe0c6503b8a"}
,"/Users/vipinyadav/Desktop/my-food-app/src/components/RestaurantCard.js": {"path":"/Users/vipinyadav/Desktop/my-food-app/src/components/RestaurantCard.js","statementMap":{"0":{"start":{"line":3,"column":23},"end":{"line":26,"column":1}},"1":{"start":{"line":5,"column":22},"end":{"line":5,"column":27}},"2":{"start":{"line":14,"column":8},"end":{"line":14,"column":21}},"3":{"start":{"line":15,"column":4},"end":{"line":25,"column":5}},"4":{"start":{"line":28,"column":34},"end":{"line":37,"column":1}},"5":{"start":{"line":29,"column":4},"end":{"line":36,"column":5}},"6":{"start":{"line":30,"column":8},"end":{"line":35,"column":9}}},"fnMap":{"0":{"name":"(anonymous_0)","decl":{"start":{"line":3,"column":23},"end":{"line":3,"column":24}},"loc":{"start":{"line":3,"column":34},"end":{"line":26,"column":1}},"line":3},"1":{"name":"(anonymous_1)","decl":{"start":{"line":28,"column":34},"end":{"line":28,"column":35}},"loc":{"start":{"line":28,"column":54},"end":{"line":37,"column":1}},"line":28},"2":{"name":"(anonymous_2)","decl":{"start":{"line":29,"column":11},"end":{"line":29,"column":12}},"loc":{"start":{"line":29,"column":22},"end":{"line":36,"column":5}},"line":29}},"branchMap":{},"s":{"0":2,"1":35,"2":35,"3":35,"4":2,"5":7,"6":34},"f":{"0":35,"1":7,"2":34},"b":{},"_coverageSchema":"1a1c01bbd47fc00a2c39e90264f33305004495a9","hash":"1fb27c9475a6c12c8a068010ad689cf48b690e07"}
,"/Users/vipinyadav/Desktop/my-food-app/src/components/sum.js": {"path":"/Users/vipinyadav/Desktop/my-food-app/src/components/sum.js","statementMap":{"0":{"start":{"line":1,"column":19},"end":{"line":3,"column":1}},"1":{"start":{"line":2,"column":4},"end":{"line":2,"column":17}}},"fnMap":{"0":{"name":"(anonymous_0)","decl":{"start":{"line":1,"column":19},"end":{"line":1,"column":20}},"loc":{"start":{"line":1,"column":29},"end":{"line":3,"column":1}},"line":1}},"branchMap":{},"s":{"0":1,"1":1},"f":{"0":1},"b":{},"_coverageSchema":"1a1c01bbd47fc00a2c39e90264f33305004495a9","hash":"c46deb636bce115f7b0d605cc1ce01387da95ed1"}
,"/Users/vipinyadav/Desktop/my-food-app/src/utils/appStore.js": {"path":"/Users/vipinyadav/Desktop/my-food-app/src/utils/appStore.js","statementMap":{"0":{"start":{"line":4,"column":17},"end":{"line":8,"column":2}}},"fnMap":{},"branchMap":{},"s":{"0":2},"f":{},"b":{},"_coverageSchema":"1a1c01bbd47fc00a2c39e90264f33305004495a9","hash":"6a7fa0fe201c60031141cbe7a4b3a6aa91bda566"}
,"/Users/vipinyadav/Desktop/my-food-app/src/utils/constants.js": {"path":"/Users/vipinyadav/Desktop/my-food-app/src/utils/constants.js","statementMap":{"0":{"start":{"line":1,"column":23},"end":{"line":1,"column":106}},"1":{"start":{"line":3,"column":24},"end":{"line":3,"column":172}},"2":{"start":{"line":6,"column":25},"end":{"line":6,"column":142}},"3":{"start":{"line":8,"column":31},"end":{"line":8,"column":84}}},"fnMap":{},"branchMap":{},"s":{"0":4,"1":4,"2":4,"3":4},"f":{},"b":{},"_coverageSchema":"1a1c01bbd47fc00a2c39e90264f33305004495a9","hash":"26d56654e16c223d61db80404877d8b78d97562f"}
}
