TN:
SF:src/components/Body.js
FN:9,(anonymous_0)
FN:19,(anonymous_1)
FN:23,(anonymous_2)
FN:47,(anonymous_3)
FN:50,(anonymous_4)
FN:51,(anonymous_5)
FN:58,(anonymous_6)
FN:59,(anonymous_7)
FN:72,(anonymous_8)
FNF:9
FNH:9
FNDA:7,(anonymous_0)
FNDA:2,(anonymous_1)
FNDA:2,(anonymous_2)
FNDA:1,(anonymous_3)
FNDA:1,(anonymous_4)
FNDA:8,(anonymous_5)
FNDA:1,(anonymous_6)
FNDA:8,(anonymous_7)
FNDA:34,(anonymous_8)
DA:9,1
DA:12,7
DA:13,7
DA:14,7
DA:15,7
DA:17,7
DA:19,7
DA:20,2
DA:23,7
DA:24,2
DA:25,2
DA:26,2
DA:27,2
DA:28,2
DA:29,2
DA:34,7
DA:35,2
DA:38,5
DA:47,1
DA:51,8
DA:53,1
DA:59,8
DA:60,1
DA:73,34
LF:24
LH:24
BRDA:34,0,0,2
BRDA:34,0,1,5
BRDA:76,1,0,34
BRDA:76,1,1,0
BRF:4
BRH:3
end_of_record
TN:
SF:src/components/Contact.js
FN:3,(anonymous_0)
FNF:1
FNH:1
FNDA:3,(anonymous_0)
DA:3,1
DA:4,3
LF:2
LH:2
BRF:0
BRH:0
end_of_record
TN:
SF:src/components/Header.js
FN:7,(anonymous_0)
FN:11,(anonymous_1)
FN:26,(anonymous_2)
FNF:3
FNH:3
FNDA:5,(anonymous_0)
FNDA:9,(anonymous_1)
FNDA:1,(anonymous_2)
DA:7,2
DA:9,5
DA:11,9
DA:14,5
DA:27,1
LF:5
LH:5
BRDA:27,0,0,1
BRDA:27,0,1,0
BRF:2
BRH:1
end_of_record
TN:
SF:src/components/RestaurantCard.js
FN:3,(anonymous_0)
FN:28,(anonymous_1)
FN:29,(anonymous_2)
FNF:3
FNH:3
FNDA:35,(anonymous_0)
FNDA:7,(anonymous_1)
FNDA:34,(anonymous_2)
DA:3,2
DA:5,35
DA:14,35
DA:15,35
DA:28,2
DA:29,7
DA:30,34
LF:7
LH:7
BRF:0
BRH:0
end_of_record
TN:
SF:src/components/sum.js
FN:1,(anonymous_0)
FNF:1
FNH:1
FNDA:1,(anonymous_0)
DA:1,1
DA:2,1
LF:2
LH:2
BRF:0
BRH:0
end_of_record
TN:
SF:src/utils/appStore.js
FNF:0
FNH:0
DA:4,2
LF:1
LH:1
BRF:0
BRH:0
end_of_record
TN:
SF:src/utils/constants.js
FNF:0
FNH:0
DA:1,4
DA:3,4
DA:6,4
DA:8,4
LF:4
LH:4
BRF:0
BRH:0
end_of_record
